c:\users\paulo\documents\visual studio 2015\projects\global illumination\global illumination\debug\vc140.pdb
c:\users\paulo\documents\visual studio 2015\projects\global illumination\global illumination\debug\vc140.idb
c:\users\paulo\documents\visual studio 2015\projects\global illumination\global illumination\debug\camera.obj
c:\users\paulo\documents\visual studio 2015\projects\global illumination\global illumination\debug\color.obj
c:\users\paulo\documents\visual studio 2015\projects\global illumination\global illumination\debug\cube.obj
c:\users\paulo\documents\visual studio 2015\projects\global illumination\global illumination\debug\image.obj
c:\users\paulo\documents\visual studio 2015\projects\global illumination\global illumination\debug\light.obj
c:\users\paulo\documents\visual studio 2015\projects\global illumination\global illumination\debug\main.obj
c:\users\paulo\documents\visual studio 2015\projects\global illumination\global illumination\debug\material.obj
c:\users\paulo\documents\visual studio 2015\projects\global illumination\global illumination\debug\object.obj
c:\users\paulo\documents\visual studio 2015\projects\global illumination\global illumination\debug\plano.obj
c:\users\paulo\documents\visual studio 2015\projects\global illumination\global illumination\debug\ray.obj
c:\users\paulo\documents\visual studio 2015\projects\global illumination\global illumination\debug\renderer.obj
c:\users\paulo\documents\visual studio 2015\projects\global illumination\global illumination\debug\sphere.obj
c:\users\paulo\documents\visual studio 2015\projects\global illumination\global illumination\debug\transform.obj
c:\users\paulo\documents\visual studio 2015\projects\global illumination\global illumination\debug\vector3.obj
c:\users\paulo\documents\visual studio 2015\projects\global illumination\debug\global illumination.ilk
c:\users\paulo\documents\visual studio 2015\projects\global illumination\debug\global illumination.exe
c:\users\paulo\documents\visual studio 2015\projects\global illumination\debug\global illumination.pdb
c:\users\paulo\documents\visual studio 2015\projects\global illumination\global illumination\debug\global i.397b9e9c.tlog\cl.command.1.tlog
c:\users\paulo\documents\visual studio 2015\projects\global illumination\global illumination\debug\global i.397b9e9c.tlog\cl.read.1.tlog
c:\users\paulo\documents\visual studio 2015\projects\global illumination\global illumination\debug\global i.397b9e9c.tlog\cl.write.1.tlog
c:\users\paulo\documents\visual studio 2015\projects\global illumination\global illumination\debug\global i.397b9e9c.tlog\link.command.1.tlog
c:\users\paulo\documents\visual studio 2015\projects\global illumination\global illumination\debug\global i.397b9e9c.tlog\link.read.1.tlog
c:\users\paulo\documents\visual studio 2015\projects\global illumination\global illumination\debug\global i.397b9e9c.tlog\link.write.1.tlog
